<?xml version="1.0" encoding="UTF-8"?>
<!-- Generated by org.testng.reporters.JUnitReportReporter -->
<testsuite hostname="DESKTOP-88R1VQD" failures="0" tests="1" name="RKSoftware.ExtentReports.extentReports" time="24.214" errors="0" timestamp="2024-07-07T10:08:17 IST" skipped="0">
  <testcase classname="RKSoftware.ExtentReports.extentReports" name="initialDemo" time="24.214"/>
</testsuite> <!-- RKSoftware.ExtentReports.extentReports -->
